{"c:\\FS-GPT\\future-screen\\src\\components\\admin\\ui\\Button.tsx": {"path":"c:\\FS-GPT\\future-screen\\src\\components\\admin\\ui\\Button.tsx","statementMap":{"0":{"start":{"line":20,"column":2},"end":{"line":28,"column":null}},"1":{"start":{"line":44,"column":21},"end":{"line":44,"column":null}},"2":{"start":{"line":46,"column":54},"end":{"line":55,"column":null}},"3":{"start":{"line":57,"column":48},"end":{"line":61,"column":null}},"4":{"start":{"line":63,"column":2},"end":{"line":79,"column":null}}},"fnMap":{"0":{"name":"Button","decl":{"start":{"line":32,"column":24},"end":{"line":32,"column":31}},"loc":{"start":{"line":43,"column":16},"end":{"line":79,"column":null}},"line":43}},"branchMap":{"0":{"loc":{"start":{"line":33,"column":2},"end":{"line":33,"column":null}},"type":"default-arg","locations":[{"start":{"line":33,"column":9},"end":{"line":33,"column":null}}],"line":33},"1":{"loc":{"start":{"line":34,"column":2},"end":{"line":34,"column":null}},"type":"default-arg","locations":[{"start":{"line":34,"column":12},"end":{"line":34,"column":null}}],"line":34},"2":{"loc":{"start":{"line":35,"column":2},"end":{"line":35,"column":null}},"type":"default-arg","locations":[{"start":{"line":35,"column":9},"end":{"line":35,"column":null}}],"line":35},"3":{"loc":{"start":{"line":36,"column":2},"end":{"line":36,"column":null}},"type":"default-arg","locations":[{"start":{"line":36,"column":12},"end":{"line":36,"column":null}}],"line":36},"4":{"loc":{"start":{"line":37,"column":2},"end":{"line":37,"column":null}},"type":"default-arg","locations":[{"start":{"line":37,"column":13},"end":{"line":37,"column":null}}],"line":37},"5":{"loc":{"start":{"line":40,"column":2},"end":{"line":40,"column":null}},"type":"default-arg","locations":[{"start":{"line":40,"column":14},"end":{"line":40,"column":null}}],"line":40},"6":{"loc":{"start":{"line":44,"column":21},"end":{"line":44,"column":null}},"type":"binary-expr","locations":[{"start":{"line":44,"column":21},"end":{"line":44,"column":33}},{"start":{"line":44,"column":33},"end":{"line":44,"column":null}}],"line":44},"7":{"loc":{"start":{"line":67,"column":15},"end":{"line":67,"column":null}},"type":"cond-expr","locations":[{"start":{"line":67,"column":28},"end":{"line":67,"column":40}},{"start":{"line":67,"column":40},"end":{"line":67,"column":null}}],"line":67},"8":{"loc":{"start":{"line":77,"column":7},"end":{"line":77,"column":null}},"type":"cond-expr","locations":[{"start":{"line":77,"column":17},"end":{"line":77,"column":27}},{"start":{"line":77,"column":27},"end":{"line":77,"column":null}}],"line":77},"9":{"loc":{"start":{"line":79,"column":7},"end":{"line":79,"column":null}},"type":"cond-expr","locations":[{"start":{"line":79,"column":18},"end":{"line":79,"column":30}},{"start":{"line":79,"column":30},"end":{"line":79,"column":null}}],"line":79}},"s":{"0":1,"1":1,"2":6,"3":6,"4":6},"f":{"0":1},"b":{"0":[1],"1":[1],"2":[1],"3":[1],"4":[1],"5":[1],"6":[1,1],"7":[6,6],"8":[6,6],"9":[6,5]},"meta":{"lastBranch":10,"lastFunction":1,"lastStatement":5,"seen":{"s:20:2:28:Infinity":0,"f:32:24:32:31":0,"b:33:9:33:Infinity":0,"b:34:12:34:Infinity":1,"b:35:9:35:Infinity":2,"b:36:12:36:Infinity":3,"b:37:13:37:Infinity":4,"b:40:14:40:Infinity":5,"s:44:21:44:Infinity":1,"b:44:21:44:33:44:33:44:Infinity":6,"s:46:54:55:Infinity":2,"s:57:48:61:Infinity":3,"s:63:2:79:Infinity":4,"b:67:28:67:40:67:40:67:Infinity":7,"b:77:17:77:27:77:27:77:Infinity":8,"b:79:18:79:30:79:30:79:Infinity":9}}}
,"c:\\FS-GPT\\future-screen\\src\\components\\admin\\ui\\ConfirmModal.tsx": {"path":"c:\\FS-GPT\\future-screen\\src\\components\\admin\\ui\\ConfirmModal.tsx","statementMap":{"0":{"start":{"line":27,"column":21},"end":{"line":27,"column":53}},"1":{"start":{"line":29,"column":8},"end":{"line":29,"column":81}},"2":{"start":{"line":29,"column":40},"end":{"line":29,"column":72}},"3":{"start":{"line":31,"column":2},"end":{"line":31,"column":null}},"4":{"start":{"line":31,"column":13},"end":{"line":31,"column":null}},"5":{"start":{"line":33,"column":24},"end":{"line":40,"column":null}},"6":{"start":{"line":34,"column":4},"end":{"line":34,"column":null}},"7":{"start":{"line":34,"column":39},"end":{"line":34,"column":null}},"8":{"start":{"line":35,"column":4},"end":{"line":35,"column":null}},"9":{"start":{"line":36,"column":4},"end":{"line":40,"column":null}},"10":{"start":{"line":37,"column":6},"end":{"line":37,"column":null}},"11":{"start":{"line":38,"column":6},"end":{"line":38,"column":null}},"12":{"start":{"line":40,"column":6},"end":{"line":40,"column":null}},"13":{"start":{"line":44,"column":2},"end":{"line":65,"column":null}},"14":{"start":{"line":62,"column":27},"end":{"line":62,"column":47}}},"fnMap":{"0":{"name":"ConfirmModal","decl":{"start":{"line":16,"column":24},"end":{"line":16,"column":37}},"loc":{"start":{"line":26,"column":22},"end":{"line":65,"column":null}},"line":26},"1":{"name":"(anonymous_1)","decl":{"start":{"line":29,"column":25},"end":{"line":29,"column":40}},"loc":{"start":{"line":29,"column":40},"end":{"line":29,"column":72}},"line":29},"2":{"name":"(anonymous_2)","decl":{"start":{"line":33,"column":24},"end":{"line":33,"column":36}},"loc":{"start":{"line":33,"column":36},"end":{"line":40,"column":null}},"line":33},"3":{"name":"(anonymous_3)","decl":{"start":{"line":62,"column":12},"end":{"line":62,"column":27}},"loc":{"start":{"line":62,"column":27},"end":{"line":62,"column":47}},"line":62}},"branchMap":{"0":{"loc":{"start":{"line":20,"column":2},"end":{"line":20,"column":null}},"type":"default-arg","locations":[{"start":{"line":20,"column":16},"end":{"line":20,"column":null}}],"line":20},"1":{"loc":{"start":{"line":21,"column":2},"end":{"line":21,"column":null}},"type":"default-arg","locations":[{"start":{"line":21,"column":15},"end":{"line":21,"column":null}}],"line":21},"2":{"loc":{"start":{"line":22,"column":2},"end":{"line":22,"column":null}},"type":"default-arg","locations":[{"start":{"line":22,"column":11},"end":{"line":22,"column":null}}],"line":22},"3":{"loc":{"start":{"line":23,"column":2},"end":{"line":23,"column":null}},"type":"default-arg","locations":[{"start":{"line":23,"column":20},"end":{"line":23,"column":null}}],"line":23},"4":{"loc":{"start":{"line":29,"column":40},"end":{"line":29,"column":72}},"type":"cond-expr","locations":[{"start":{"line":29,"column":49},"end":{"line":29,"column":60}},{"start":{"line":29,"column":60},"end":{"line":29,"column":72}}],"line":29},"5":{"loc":{"start":{"line":31,"column":2},"end":{"line":31,"column":null}},"type":"if","locations":[{"start":{"line":31,"column":2},"end":{"line":31,"column":null}},{"start":{},"end":{}}],"line":31},"6":{"loc":{"start":{"line":34,"column":4},"end":{"line":34,"column":null}},"type":"if","locations":[{"start":{"line":34,"column":4},"end":{"line":34,"column":null}},{"start":{},"end":{}}],"line":34},"7":{"loc":{"start":{"line":34,"column":8},"end":{"line":34,"column":39}},"type":"binary-expr","locations":[{"start":{"line":34,"column":8},"end":{"line":34,"column":22}},{"start":{"line":34,"column":22},"end":{"line":34,"column":39}}],"line":34},"8":{"loc":{"start":{"line":50,"column":11},"end":{"line":50,"column":null}},"type":"cond-expr","locations":[{"start":{"line":50,"column":25},"end":{"line":50,"column":null}},{"start":{"line":50,"column":87},"end":{"line":50,"column":null}}],"line":50}},"s":{"0":1,"1":3,"2":3,"3":3,"4":3,"5":3,"6":3,"7":3,"8":3,"9":3,"10":3,"11":1,"12":0,"13":0,"14":3},"f":{"0":1,"1":3,"2":3,"3":3},"b":{"0":[1],"1":[1],"2":[1],"3":[1],"4":[3,3],"5":[3,0],"6":[3,0],"7":[3,3],"8":[3,3]},"meta":{"lastBranch":9,"lastFunction":4,"lastStatement":15,"seen":{"f:16:24:16:37":0,"b:20:16:20:Infinity":0,"b:21:15:21:Infinity":1,"b:22:11:22:Infinity":2,"b:23:20:23:Infinity":3,"s:27:21:27:53":0,"s:29:8:29:81":1,"f:29:25:29:40":1,"s:29:40:29:72":2,"b:29:49:29:60:29:60:29:72":4,"b:31:2:31:Infinity:undefined:undefined:undefined:undefined":5,"s:31:2:31:Infinity":3,"s:31:13:31:Infinity":4,"s:33:24:40:Infinity":5,"f:33:24:33:36":2,"b:34:4:34:Infinity:undefined:undefined:undefined:undefined":6,"s:34:4:34:Infinity":6,"b:34:8:34:22:34:22:34:39":7,"s:34:39:34:Infinity":7,"s:35:4:35:Infinity":8,"s:36:4:40:Infinity":9,"s:37:6:37:Infinity":10,"s:38:6:38:Infinity":11,"s:40:6:40:Infinity":12,"s:44:2:65:Infinity":13,"b:50:25:50:Infinity:50:87:50:Infinity":8,"f:62:12:62:27":3,"s:62:27:62:47":14}}}
,"c:\\FS-GPT\\future-screen\\src\\data\\calculatorConfig.ts": {"path":"c:\\FS-GPT\\future-screen\\src\\data\\calculatorConfig.ts","statementMap":{"0":{"start":{"line":42,"column":57},"end":{"line":97,"column":null}},"1":{"start":{"line":99,"column":28},"end":{"line":99,"column":null}},"2":{"start":{"line":100,"column":30},"end":{"line":100,"column":null}},"3":{"start":{"line":107,"column":65},"end":{"line":114,"column":null}},"4":{"start":{"line":116,"column":63},"end":{"line":118,"column":null}},"5":{"start":{"line":121,"column":31},"end":{"line":126,"column":null}},"6":{"start":{"line":128,"column":75},"end":{"line":133,"column":null}},"7":{"start":{"line":135,"column":69},"end":{"line":139,"column":null}},"8":{"start":{"line":141,"column":55},"end":{"line":146,"column":null}},"9":{"start":{"line":148,"column":55},"end":{"line":155,"column":null}},"10":{"start":{"line":157,"column":26},"end":{"line":162,"column":null}}},"fnMap":{},"branchMap":{},"s":{"0":16,"1":1,"2":1,"3":1,"4":1,"5":1,"6":1,"7":1,"8":1,"9":1,"10":1},"f":{},"b":{},"meta":{"lastBranch":0,"lastFunction":0,"lastStatement":11,"seen":{"s:42:57:97:Infinity":0,"s:99:28:99:Infinity":1,"s:100:30:100:Infinity":2,"s:107:65:114:Infinity":3,"s:116:63:118:Infinity":4,"s:121:31:126:Infinity":5,"s:128:75:133:Infinity":6,"s:135:69:139:Infinity":7,"s:141:55:146:Infinity":8,"s:148:55:155:Infinity":9,"s:157:26:162:Infinity":10}}}
,"c:\\FS-GPT\\future-screen\\src\\data\\cases.ts": {"path":"c:\\FS-GPT\\future-screen\\src\\data\\cases.ts","statementMap":{"0":{"start":{"line":13,"column":33},"end":{"line":44,"column":null}}},"fnMap":{},"branchMap":{},"s":{"0":1},"f":{},"b":{},"meta":{"lastBranch":0,"lastFunction":0,"lastStatement":1,"seen":{"s:13:33:44:Infinity":0}}}
,"c:\\FS-GPT\\future-screen\\src\\data\\categories.ts": {"path":"c:\\FS-GPT\\future-screen\\src\\data\\categories.ts","statementMap":{"0":{"start":{"line":9,"column":38},"end":{"line":65,"column":null}}},"fnMap":{},"branchMap":{},"s":{"0":1},"f":{},"b":{},"meta":{"lastBranch":0,"lastFunction":0,"lastStatement":1,"seen":{"s:9:38:65:Infinity":0}}}
,"c:\\FS-GPT\\future-screen\\src\\data\\contacts.ts": {"path":"c:\\FS-GPT\\future-screen\\src\\data\\contacts.ts","statementMap":{"0":{"start":{"line":1,"column":24},"end":{"line":6,"column":null}}},"fnMap":{},"branchMap":{},"s":{"0":1},"f":{},"b":{},"meta":{"lastBranch":0,"lastFunction":0,"lastStatement":1,"seen":{"s:1:24:6:Infinity":0}}}
,"c:\\FS-GPT\\future-screen\\src\\data\\packages.ts": {"path":"c:\\FS-GPT\\future-screen\\src\\data\\packages.ts","statementMap":{"0":{"start":{"line":10,"column":35},"end":{"line":45,"column":null}}},"fnMap":{},"branchMap":{},"s":{"0":1},"f":{},"b":{},"meta":{"lastBranch":0,"lastFunction":0,"lastStatement":1,"seen":{"s:10:35:45:Infinity":0}}}
,"c:\\FS-GPT\\future-screen\\src\\lib\\supabase.ts": {"path":"c:\\FS-GPT\\future-screen\\src\\lib\\supabase.ts","statementMap":{"0":{"start":{"line":3,"column":28},"end":{"line":3,"column":null}},"1":{"start":{"line":4,"column":32},"end":{"line":4,"column":null}},"2":{"start":{"line":6,"column":20},"end":{"line":6,"column":null}},"3":{"start":{"line":7,"column":24},"end":{"line":7,"column":null}},"4":{"start":{"line":9,"column":0},"end":{"line":10,"column":null}},"5":{"start":{"line":10,"column":2},"end":{"line":10,"column":null}},"6":{"start":{"line":13,"column":13},"end":{"line":13,"column":66}}},"fnMap":{},"branchMap":{"0":{"loc":{"start":{"line":6,"column":20},"end":{"line":6,"column":null}},"type":"binary-expr","locations":[{"start":{"line":6,"column":20},"end":{"line":6,"column":57}},{"start":{"line":6,"column":57},"end":{"line":6,"column":null}}],"line":6},"1":{"loc":{"start":{"line":7,"column":24},"end":{"line":7,"column":null}},"type":"binary-expr","locations":[{"start":{"line":7,"column":24},"end":{"line":7,"column":66}},{"start":{"line":7,"column":66},"end":{"line":7,"column":null}}],"line":7},"2":{"loc":{"start":{"line":9,"column":0},"end":{"line":10,"column":null}},"type":"if","locations":[{"start":{"line":9,"column":0},"end":{"line":10,"column":null}},{"start":{},"end":{}}],"line":9},"3":{"loc":{"start":{"line":9,"column":4},"end":{"line":9,"column":83}},"type":"binary-expr","locations":[{"start":{"line":9,"column":4},"end":{"line":9,"column":42}},{"start":{"line":9,"column":42},"end":{"line":9,"column":83}}],"line":9}},"s":{"0":1,"1":1,"2":1,"3":1,"4":0,"5":1,"6":1},"f":{},"b":{"0":[1,1],"1":[1,1],"2":[1,-1],"3":[0,0]},"meta":{"lastBranch":4,"lastFunction":0,"lastStatement":7,"seen":{"s:3:28:3:Infinity":0,"s:4:32:4:Infinity":1,"s:6:20:6:Infinity":2,"b:6:20:6:57:6:57:6:Infinity":0,"s:7:24:7:Infinity":3,"b:7:24:7:66:7:66:7:Infinity":1,"b:9:0:10:Infinity:undefined:undefined:undefined:undefined":2,"s:9:0:10:Infinity":4,"b:9:4:9:42:9:42:9:83":3,"s:10:2:10:Infinity":5,"s:13:13:13:66":6}}}
,"c:\\FS-GPT\\future-screen\\src\\services\\adminData.ts": {"path":"c:\\FS-GPT\\future-screen\\src\\services\\adminData.ts","statementMap":{"0":{"start":{"line":54,"column":6},"end":{"line":54,"column":null}},"1":{"start":{"line":54,"column":42},"end":{"line":54,"column":null}},"2":{"start":{"line":56,"column":6},"end":{"line":72,"column":null}},"3":{"start":{"line":56,"column":50},"end":{"line":72,"column":null}},"4":{"start":{"line":74,"column":13},"end":{"line":81,"column":null}},"5":{"start":{"line":74,"column":63},"end":{"line":81,"column":null}},"6":{"start":{"line":83,"column":13},"end":{"line":96,"column":null}},"7":{"start":{"line":84,"column":39},"end":{"line":90,"column":null}},"8":{"start":{"line":92,"column":2},"end":{"line":93,"column":null}},"9":{"start":{"line":93,"column":4},"end":{"line":93,"column":null}},"10":{"start":{"line":96,"column":2},"end":{"line":96,"column":null}},"11":{"start":{"line":99,"column":13},"end":{"line":105,"column":null}},"12":{"start":{"line":99,"column":66},"end":{"line":105,"column":null}},"13":{"start":{"line":107,"column":13},"end":{"line":119,"column":null}},"14":{"start":{"line":108,"column":39},"end":{"line":113,"column":null}},"15":{"start":{"line":115,"column":2},"end":{"line":116,"column":null}},"16":{"start":{"line":116,"column":4},"end":{"line":116,"column":null}},"17":{"start":{"line":119,"column":2},"end":{"line":119,"column":null}},"18":{"start":{"line":122,"column":13},"end":{"line":128,"column":null}},"19":{"start":{"line":123,"column":2},"end":{"line":128,"column":null}},"20":{"start":{"line":124,"column":16},"end":{"line":124,"column":24}},"21":{"start":{"line":126,"column":16},"end":{"line":126,"column":31}},"22":{"start":{"line":128,"column":6},"end":{"line":128,"column":72}},"23":{"start":{"line":131,"column":13},"end":{"line":137,"column":null}},"24":{"start":{"line":131,"column":72},"end":{"line":137,"column":null}},"25":{"start":{"line":139,"column":13},"end":{"line":151,"column":null}},"26":{"start":{"line":140,"column":42},"end":{"line":145,"column":null}},"27":{"start":{"line":147,"column":2},"end":{"line":148,"column":null}},"28":{"start":{"line":148,"column":4},"end":{"line":148,"column":null}},"29":{"start":{"line":151,"column":2},"end":{"line":151,"column":null}},"30":{"start":{"line":154,"column":28},"end":{"line":157,"column":null}},"31":{"start":{"line":155,"column":26},"end":{"line":155,"column":81}},"32":{"start":{"line":156,"column":2},"end":{"line":156,"column":null}},"33":{"start":{"line":156,"column":13},"end":{"line":156,"column":null}},"34":{"start":{"line":157,"column":2},"end":{"line":157,"column":null}},"35":{"start":{"line":157,"column":35},"end":{"line":157,"column":70}},"36":{"start":{"line":160,"column":29},"end":{"line":168,"column":null}},"37":{"start":{"line":161,"column":26},"end":{"line":164,"column":13}},"38":{"start":{"line":166,"column":2},"end":{"line":166,"column":null}},"39":{"start":{"line":166,"column":13},"end":{"line":166,"column":null}},"40":{"start":{"line":167,"column":2},"end":{"line":167,"column":null}},"41":{"start":{"line":167,"column":25},"end":{"line":167,"column":null}},"42":{"start":{"line":168,"column":2},"end":{"line":168,"column":null}},"43":{"start":{"line":171,"column":29},"end":{"line":173,"column":null}},"44":{"start":{"line":172,"column":20},"end":{"line":172,"column":73}},"45":{"start":{"line":173,"column":2},"end":{"line":173,"column":null}},"46":{"start":{"line":173,"column":13},"end":{"line":173,"column":null}},"47":{"start":{"line":176,"column":29},"end":{"line":181,"column":null}},"48":{"start":{"line":177,"column":2},"end":{"line":177,"column":null}},"49":{"start":{"line":179,"column":26},"end":{"line":179,"column":107}},"50":{"start":{"line":180,"column":2},"end":{"line":180,"column":null}},"51":{"start":{"line":180,"column":13},"end":{"line":180,"column":null}},"52":{"start":{"line":181,"column":2},"end":{"line":181,"column":null}},"53":{"start":{"line":181,"column":35},"end":{"line":181,"column":70}},"54":{"start":{"line":184,"column":30},"end":{"line":187,"column":null}},"55":{"start":{"line":185,"column":26},"end":{"line":185,"column":83}},"56":{"start":{"line":186,"column":2},"end":{"line":186,"column":null}},"57":{"start":{"line":186,"column":13},"end":{"line":186,"column":null}},"58":{"start":{"line":187,"column":2},"end":{"line":187,"column":null}},"59":{"start":{"line":187,"column":35},"end":{"line":187,"column":72}},"60":{"start":{"line":190,"column":30},"end":{"line":198,"column":null}},"61":{"start":{"line":191,"column":26},"end":{"line":194,"column":13}},"62":{"start":{"line":196,"column":2},"end":{"line":196,"column":null}},"63":{"start":{"line":196,"column":13},"end":{"line":196,"column":null}},"64":{"start":{"line":197,"column":2},"end":{"line":197,"column":null}},"65":{"start":{"line":197,"column":25},"end":{"line":197,"column":null}},"66":{"start":{"line":198,"column":2},"end":{"line":198,"column":null}},"67":{"start":{"line":201,"column":30},"end":{"line":203,"column":null}},"68":{"start":{"line":202,"column":20},"end":{"line":202,"column":75}},"69":{"start":{"line":203,"column":2},"end":{"line":203,"column":null}},"70":{"start":{"line":203,"column":13},"end":{"line":203,"column":null}},"71":{"start":{"line":206,"column":31},"end":{"line":211,"column":null}},"72":{"start":{"line":207,"column":2},"end":{"line":207,"column":null}},"73":{"start":{"line":209,"column":26},"end":{"line":209,"column":112}},"74":{"start":{"line":210,"column":2},"end":{"line":210,"column":null}},"75":{"start":{"line":210,"column":13},"end":{"line":210,"column":null}},"76":{"start":{"line":211,"column":2},"end":{"line":211,"column":null}},"77":{"start":{"line":211,"column":35},"end":{"line":211,"column":72}},"78":{"start":{"line":214,"column":28},"end":{"line":218,"column":null}},"79":{"start":{"line":215,"column":26},"end":{"line":215,"column":111}},"80":{"start":{"line":216,"column":2},"end":{"line":216,"column":null}},"81":{"start":{"line":216,"column":13},"end":{"line":216,"column":null}},"82":{"start":{"line":217,"column":2},"end":{"line":217,"column":null}},"83":{"start":{"line":217,"column":34},"end":{"line":217,"column":null}},"84":{"start":{"line":218,"column":2},"end":{"line":218,"column":null}},"85":{"start":{"line":221,"column":28},"end":{"line":225,"column":null}},"86":{"start":{"line":222,"column":38},"end":{"line":222,"column":null}},"87":{"start":{"line":223,"column":20},"end":{"line":223,"column":97}},"88":{"start":{"line":224,"column":2},"end":{"line":224,"column":null}},"89":{"start":{"line":224,"column":13},"end":{"line":224,"column":null}},"90":{"start":{"line":225,"column":2},"end":{"line":225,"column":null}},"91":{"start":{"line":228,"column":29},"end":{"line":232,"column":null}},"92":{"start":{"line":229,"column":2},"end":{"line":229,"column":null}},"93":{"start":{"line":230,"column":20},"end":{"line":230,"column":89}},"94":{"start":{"line":231,"column":2},"end":{"line":231,"column":null}},"95":{"start":{"line":231,"column":13},"end":{"line":231,"column":null}},"96":{"start":{"line":232,"column":2},"end":{"line":232,"column":null}},"97":{"start":{"line":235,"column":25},"end":{"line":242,"column":null}},"98":{"start":{"line":236,"column":26},"end":{"line":239,"column":46}},"99":{"start":{"line":241,"column":2},"end":{"line":241,"column":null}},"100":{"start":{"line":241,"column":13},"end":{"line":241,"column":null}},"101":{"start":{"line":242,"column":2},"end":{"line":242,"column":null}},"102":{"start":{"line":242,"column":35},"end":{"line":242,"column":64}},"103":{"start":{"line":245,"column":26},"end":{"line":251,"column":null}},"104":{"start":{"line":246,"column":16},"end":{"line":246,"column":33}},"105":{"start":{"line":247,"column":14},"end":{"line":247,"column":42}},"106":{"start":{"line":247,"column":34},"end":{"line":247,"column":42}},"107":{"start":{"line":248,"column":2},"end":{"line":248,"column":null}},"108":{"start":{"line":248,"column":19},"end":{"line":248,"column":null}},"109":{"start":{"line":250,"column":20},"end":{"line":250,"column":71}},"110":{"start":{"line":251,"column":2},"end":{"line":251,"column":null}},"111":{"start":{"line":251,"column":13},"end":{"line":251,"column":null}},"112":{"start":{"line":254,"column":25},"end":{"line":261,"column":null}},"113":{"start":{"line":255,"column":26},"end":{"line":258,"column":46}},"114":{"start":{"line":260,"column":2},"end":{"line":260,"column":null}},"115":{"start":{"line":260,"column":13},"end":{"line":260,"column":null}},"116":{"start":{"line":261,"column":2},"end":{"line":261,"column":null}},"117":{"start":{"line":264,"column":23},"end":{"line":269,"column":null}},"118":{"start":{"line":265,"column":25},"end":{"line":265,"column":null}},"119":{"start":{"line":266,"column":26},"end":{"line":266,"column":76}},"120":{"start":{"line":267,"column":2},"end":{"line":267,"column":null}},"121":{"start":{"line":267,"column":13},"end":{"line":267,"column":null}},"122":{"start":{"line":268,"column":2},"end":{"line":268,"column":null}},"123":{"start":{"line":268,"column":25},"end":{"line":268,"column":null}},"124":{"start":{"line":269,"column":2},"end":{"line":269,"column":null}},"125":{"start":{"line":272,"column":26},"end":{"line":289,"column":null}},"126":{"start":{"line":276,"column":18},"end":{"line":279,"column":null}},"127":{"start":{"line":281,"column":26},"end":{"line":285,"column":13}},"128":{"start":{"line":287,"column":2},"end":{"line":287,"column":null}},"129":{"start":{"line":287,"column":13},"end":{"line":287,"column":null}},"130":{"start":{"line":288,"column":2},"end":{"line":288,"column":null}},"131":{"start":{"line":288,"column":25},"end":{"line":288,"column":null}},"132":{"start":{"line":289,"column":2},"end":{"line":289,"column":null}},"133":{"start":{"line":292,"column":26},"end":{"line":294,"column":null}},"134":{"start":{"line":293,"column":20},"end":{"line":293,"column":74}},"135":{"start":{"line":294,"column":2},"end":{"line":294,"column":null}},"136":{"start":{"line":294,"column":13},"end":{"line":294,"column":null}},"137":{"start":{"line":297,"column":26},"end":{"line":301,"column":null}},"138":{"start":{"line":298,"column":2},"end":{"line":298,"column":null}},"139":{"start":{"line":299,"column":26},"end":{"line":299,"column":81}},"140":{"start":{"line":300,"column":2},"end":{"line":300,"column":null}},"141":{"start":{"line":300,"column":13},"end":{"line":300,"column":null}},"142":{"start":{"line":301,"column":2},"end":{"line":301,"column":null}}},"fnMap":{"0":{"name":"(anonymous_0)","decl":{"start":{"line":54,"column":6},"end":{"line":54,"column":24}},"loc":{"start":{"line":54,"column":42},"end":{"line":54,"column":null}},"line":54},"1":{"name":"(anonymous_1)","decl":{"start":{"line":56,"column":6},"end":{"line":56,"column":23}},"loc":{"start":{"line":56,"column":50},"end":{"line":72,"column":null}},"line":56},"2":{"name":"(anonymous_2)","decl":{"start":{"line":74,"column":13},"end":{"line":74,"column":33}},"loc":{"start":{"line":74,"column":63},"end":{"line":81,"column":null}},"line":74},"3":{"name":"(anonymous_3)","decl":{"start":{"line":83,"column":13},"end":{"line":83,"column":31}},"loc":{"start":{"line":83,"column":48},"end":{"line":96,"column":null}},"line":83},"4":{"name":"(anonymous_4)","decl":{"start":{"line":99,"column":13},"end":{"line":99,"column":34}},"loc":{"start":{"line":99,"column":66},"end":{"line":105,"column":null}},"line":99},"5":{"name":"(anonymous_5)","decl":{"start":{"line":107,"column":13},"end":{"line":107,"column":32}},"loc":{"start":{"line":107,"column":50},"end":{"line":119,"column":null}},"line":107},"6":{"name":"(anonymous_6)","decl":{"start":{"line":122,"column":13},"end":{"line":122,"column":33}},"loc":{"start":{"line":123,"column":2},"end":{"line":128,"column":null}},"line":123},"7":{"name":"(anonymous_7)","decl":{"start":{"line":124,"column":5},"end":{"line":124,"column":10}},"loc":{"start":{"line":124,"column":16},"end":{"line":124,"column":24}},"line":124},"8":{"name":"(anonymous_8)","decl":{"start":{"line":126,"column":5},"end":{"line":126,"column":10}},"loc":{"start":{"line":126,"column":16},"end":{"line":126,"column":31}},"line":126},"9":{"name":"(anonymous_9)","decl":{"start":{"line":127,"column":5},"end":{"line":127,"column":13}},"loc":{"start":{"line":128,"column":6},"end":{"line":128,"column":72}},"line":128},"10":{"name":"(anonymous_10)","decl":{"start":{"line":131,"column":13},"end":{"line":131,"column":34}},"loc":{"start":{"line":131,"column":72},"end":{"line":137,"column":null}},"line":131},"11":{"name":"(anonymous_11)","decl":{"start":{"line":139,"column":13},"end":{"line":139,"column":32}},"loc":{"start":{"line":139,"column":61},"end":{"line":151,"column":null}},"line":139},"12":{"name":"(anonymous_12)","decl":{"start":{"line":154,"column":28},"end":{"line":154,"column":60}},"loc":{"start":{"line":154,"column":60},"end":{"line":157,"column":null}},"line":154},"13":{"name":"(anonymous_13)","decl":{"start":{"line":157,"column":22},"end":{"line":157,"column":27}},"loc":{"start":{"line":157,"column":35},"end":{"line":157,"column":70}},"line":157},"14":{"name":"(anonymous_14)","decl":{"start":{"line":160,"column":29},"end":{"line":160,"column":36}},"loc":{"start":{"line":160,"column":75},"end":{"line":168,"column":null}},"line":160},"15":{"name":"(anonymous_15)","decl":{"start":{"line":171,"column":29},"end":{"line":171,"column":36}},"loc":{"start":{"line":171,"column":73},"end":{"line":173,"column":null}},"line":171},"16":{"name":"(anonymous_16)","decl":{"start":{"line":176,"column":29},"end":{"line":176,"column":61}},"loc":{"start":{"line":176,"column":61},"end":{"line":181,"column":null}},"line":176},"17":{"name":"(anonymous_17)","decl":{"start":{"line":181,"column":22},"end":{"line":181,"column":27}},"loc":{"start":{"line":181,"column":35},"end":{"line":181,"column":70}},"line":181},"18":{"name":"(anonymous_18)","decl":{"start":{"line":184,"column":30},"end":{"line":184,"column":63}},"loc":{"start":{"line":184,"column":63},"end":{"line":187,"column":null}},"line":184},"19":{"name":"(anonymous_19)","decl":{"start":{"line":187,"column":22},"end":{"line":187,"column":27}},"loc":{"start":{"line":187,"column":35},"end":{"line":187,"column":72}},"line":187},"20":{"name":"(anonymous_20)","decl":{"start":{"line":190,"column":30},"end":{"line":190,"column":37}},"loc":{"start":{"line":190,"column":78},"end":{"line":198,"column":null}},"line":190},"21":{"name":"(anonymous_21)","decl":{"start":{"line":201,"column":30},"end":{"line":201,"column":37}},"loc":{"start":{"line":201,"column":75},"end":{"line":203,"column":null}},"line":201},"22":{"name":"(anonymous_22)","decl":{"start":{"line":206,"column":31},"end":{"line":206,"column":64}},"loc":{"start":{"line":206,"column":64},"end":{"line":211,"column":null}},"line":206},"23":{"name":"(anonymous_23)","decl":{"start":{"line":211,"column":22},"end":{"line":211,"column":27}},"loc":{"start":{"line":211,"column":35},"end":{"line":211,"column":72}},"line":211},"24":{"name":"(anonymous_24)","decl":{"start":{"line":214,"column":28},"end":{"line":214,"column":72}},"loc":{"start":{"line":214,"column":72},"end":{"line":218,"column":null}},"line":214},"25":{"name":"(anonymous_25)","decl":{"start":{"line":221,"column":28},"end":{"line":221,"column":35}},"loc":{"start":{"line":221,"column":121},"end":{"line":225,"column":null}},"line":221},"26":{"name":"(anonymous_26)","decl":{"start":{"line":228,"column":29},"end":{"line":228,"column":73}},"loc":{"start":{"line":228,"column":73},"end":{"line":232,"column":null}},"line":228},"27":{"name":"(anonymous_27)","decl":{"start":{"line":235,"column":25},"end":{"line":235,"column":57}},"loc":{"start":{"line":235,"column":57},"end":{"line":242,"column":null}},"line":235},"28":{"name":"(anonymous_28)","decl":{"start":{"line":242,"column":22},"end":{"line":242,"column":27}},"loc":{"start":{"line":242,"column":35},"end":{"line":242,"column":64}},"line":242},"29":{"name":"(anonymous_29)","decl":{"start":{"line":245,"column":26},"end":{"line":245,"column":53}},"loc":{"start":{"line":245,"column":53},"end":{"line":251,"column":null}},"line":245},"30":{"name":"(anonymous_30)","decl":{"start":{"line":247,"column":20},"end":{"line":247,"column":25}},"loc":{"start":{"line":247,"column":34},"end":{"line":247,"column":42}},"line":247},"31":{"name":"(anonymous_31)","decl":{"start":{"line":254,"column":25},"end":{"line":254,"column":58}},"loc":{"start":{"line":254,"column":58},"end":{"line":261,"column":null}},"line":254},"32":{"name":"(anonymous_32)","decl":{"start":{"line":264,"column":23},"end":{"line":264,"column":30}},"loc":{"start":{"line":264,"column":114},"end":{"line":269,"column":null}},"line":264},"33":{"name":"(anonymous_33)","decl":{"start":{"line":272,"column":26},"end":{"line":272,"column":null}},"loc":{"start":{"line":275,"column":24},"end":{"line":289,"column":null}},"line":275},"34":{"name":"(anonymous_34)","decl":{"start":{"line":292,"column":26},"end":{"line":292,"column":33}},"loc":{"start":{"line":292,"column":65},"end":{"line":294,"column":null}},"line":292},"35":{"name":"(anonymous_35)","decl":{"start":{"line":297,"column":26},"end":{"line":297,"column":59}},"loc":{"start":{"line":297,"column":59},"end":{"line":301,"column":null}},"line":297}},"branchMap":{"0":{"loc":{"start":{"line":54,"column":42},"end":{"line":54,"column":null}},"type":"cond-expr","locations":[{"start":{"line":54,"column":65},"end":{"line":54,"column":79}},{"start":{"line":54,"column":79},"end":{"line":54,"column":null}}],"line":54},"1":{"loc":{"start":{"line":62,"column":9},"end":{"line":62,"column":null}},"type":"binary-expr","locations":[{"start":{"line":62,"column":9},"end":{"line":62,"column":22}},{"start":{"line":62,"column":22},"end":{"line":62,"column":null}}],"line":62},"2":{"loc":{"start":{"line":63,"column":12},"end":{"line":63,"column":null}},"type":"binary-expr","locations":[{"start":{"line":63,"column":12},"end":{"line":63,"column":28}},{"start":{"line":63,"column":28},"end":{"line":63,"column":null}}],"line":63},"3":{"loc":{"start":{"line":64,"column":8},"end":{"line":64,"column":null}},"type":"binary-expr","locations":[{"start":{"line":64,"column":8},"end":{"line":64,"column":20}},{"start":{"line":64,"column":20},"end":{"line":64,"column":null}}],"line":64},"4":{"loc":{"start":{"line":65,"column":8},"end":{"line":65,"column":null}},"type":"binary-expr","locations":[{"start":{"line":65,"column":8},"end":{"line":65,"column":20}},{"start":{"line":65,"column":20},"end":{"line":65,"column":null}}],"line":65},"5":{"loc":{"start":{"line":66,"column":10},"end":{"line":66,"column":null}},"type":"binary-expr","locations":[{"start":{"line":66,"column":10},"end":{"line":66,"column":24}},{"start":{"line":66,"column":24},"end":{"line":66,"column":null}}],"line":66},"6":{"loc":{"start":{"line":67,"column":11},"end":{"line":67,"column":null}},"type":"binary-expr","locations":[{"start":{"line":67,"column":11},"end":{"line":67,"column":26}},{"start":{"line":67,"column":26},"end":{"line":67,"column":null}}],"line":67},"7":{"loc":{"start":{"line":68,"column":9},"end":{"line":68,"column":null}},"type":"binary-expr","locations":[{"start":{"line":68,"column":9},"end":{"line":68,"column":22}},{"start":{"line":68,"column":22},"end":{"line":68,"column":null}}],"line":68},"8":{"loc":{"start":{"line":69,"column":12},"end":{"line":69,"column":null}},"type":"binary-expr","locations":[{"start":{"line":69,"column":12},"end":{"line":69,"column":29}},{"start":{"line":69,"column":29},"end":{"line":69,"column":null}}],"line":69},"9":{"loc":{"start":{"line":70,"column":12},"end":{"line":70,"column":null}},"type":"binary-expr","locations":[{"start":{"line":70,"column":12},"end":{"line":70,"column":28}},{"start":{"line":70,"column":28},"end":{"line":70,"column":null}}],"line":70},"10":{"loc":{"start":{"line":71,"column":10},"end":{"line":71,"column":null}},"type":"binary-expr","locations":[{"start":{"line":71,"column":10},"end":{"line":71,"column":24}},{"start":{"line":71,"column":24},"end":{"line":71,"column":null}}],"line":71},"11":{"loc":{"start":{"line":88,"column":13},"end":{"line":88,"column":null}},"type":"cond-expr","locations":[{"start":{"line":88,"column":17},"end":{"line":88,"column":53}},{"start":{"line":88,"column":56},"end":{"line":88,"column":null}}],"line":88},"12":{"loc":{"start":{"line":92,"column":2},"end":{"line":93,"column":null}},"type":"if","locations":[{"start":{"line":92,"column":2},"end":{"line":93,"column":null}},{"start":{},"end":{}}],"line":92},"13":{"loc":{"start":{"line":92,"column":6},"end":{"line":92,"column":79}},"type":"binary-expr","locations":[{"start":{"line":92,"column":6},"end":{"line":92,"column":30}},{"start":{"line":92,"column":30},"end":{"line":92,"column":49}},{"start":{"line":92,"column":49},"end":{"line":92,"column":79}}],"line":92},"14":{"loc":{"start":{"line":93,"column":13},"end":{"line":93,"column":null}},"type":"cond-expr","locations":[{"start":{"line":93,"column":66},"end":{"line":93,"column":80}},{"start":{"line":93,"column":83},"end":{"line":93,"column":null}}],"line":93},"15":{"loc":{"start":{"line":93,"column":13},"end":{"line":93,"column":63}},"type":"binary-expr","locations":[{"start":{"line":93,"column":13},"end":{"line":93,"column":43}},{"start":{"line":93,"column":43},"end":{"line":93,"column":63}}],"line":93},"16":{"loc":{"start":{"line":115,"column":2},"end":{"line":116,"column":null}},"type":"if","locations":[{"start":{"line":115,"column":2},"end":{"line":116,"column":null}},{"start":{},"end":{}}],"line":115},"17":{"loc":{"start":{"line":115,"column":6},"end":{"line":115,"column":79}},"type":"binary-expr","locations":[{"start":{"line":115,"column":6},"end":{"line":115,"column":30}},{"start":{"line":115,"column":30},"end":{"line":115,"column":49}},{"start":{"line":115,"column":49},"end":{"line":115,"column":79}}],"line":115},"18":{"loc":{"start":{"line":116,"column":13},"end":{"line":116,"column":null}},"type":"cond-expr","locations":[{"start":{"line":116,"column":66},"end":{"line":116,"column":80}},{"start":{"line":116,"column":83},"end":{"line":116,"column":null}}],"line":116},"19":{"loc":{"start":{"line":116,"column":13},"end":{"line":116,"column":63}},"type":"binary-expr","locations":[{"start":{"line":116,"column":13},"end":{"line":116,"column":43}},{"start":{"line":116,"column":43},"end":{"line":116,"column":63}}],"line":116},"20":{"loc":{"start":{"line":133,"column":10},"end":{"line":133,"column":26}},"type":"binary-expr","locations":[{"start":{"line":133,"column":10},"end":{"line":133,"column":24}},{"start":{"line":133,"column":24},"end":{"line":133,"column":26}}],"line":133},"21":{"loc":{"start":{"line":134,"column":10},"end":{"line":134,"column":26}},"type":"binary-expr","locations":[{"start":{"line":134,"column":10},"end":{"line":134,"column":24}},{"start":{"line":134,"column":24},"end":{"line":134,"column":26}}],"line":134},"22":{"loc":{"start":{"line":135,"column":11},"end":{"line":135,"column":null}},"type":"binary-expr","locations":[{"start":{"line":135,"column":11},"end":{"line":135,"column":26}},{"start":{"line":135,"column":26},"end":{"line":135,"column":null}}],"line":135},"23":{"loc":{"start":{"line":136,"column":16},"end":{"line":136,"column":null}},"type":"binary-expr","locations":[{"start":{"line":136,"column":16},"end":{"line":136,"column":37}},{"start":{"line":136,"column":37},"end":{"line":136,"column":null}}],"line":136},"24":{"loc":{"start":{"line":147,"column":2},"end":{"line":148,"column":null}},"type":"if","locations":[{"start":{"line":147,"column":2},"end":{"line":148,"column":null}},{"start":{},"end":{}}],"line":147},"25":{"loc":{"start":{"line":156,"column":2},"end":{"line":156,"column":null}},"type":"if","locations":[{"start":{"line":156,"column":2},"end":{"line":156,"column":null}},{"start":{},"end":{}}],"line":156},"26":{"loc":{"start":{"line":157,"column":10},"end":{"line":157,"column":20}},"type":"binary-expr","locations":[{"start":{"line":157,"column":10},"end":{"line":157,"column":18}},{"start":{"line":157,"column":18},"end":{"line":157,"column":20}}],"line":157},"27":{"loc":{"start":{"line":166,"column":2},"end":{"line":166,"column":null}},"type":"if","locations":[{"start":{"line":166,"column":2},"end":{"line":166,"column":null}},{"start":{},"end":{}}],"line":166},"28":{"loc":{"start":{"line":167,"column":2},"end":{"line":167,"column":null}},"type":"if","locations":[{"start":{"line":167,"column":2},"end":{"line":167,"column":null}},{"start":{},"end":{}}],"line":167},"29":{"loc":{"start":{"line":167,"column":6},"end":{"line":167,"column":25}},"type":"binary-expr","locations":[{"start":{"line":167,"column":6},"end":{"line":167,"column":15}},{"start":{"line":167,"column":15},"end":{"line":167,"column":25}}],"line":167},"30":{"loc":{"start":{"line":173,"column":2},"end":{"line":173,"column":null}},"type":"if","locations":[{"start":{"line":173,"column":2},"end":{"line":173,"column":null}},{"start":{},"end":{}}],"line":173},"31":{"loc":{"start":{"line":180,"column":2},"end":{"line":180,"column":null}},"type":"if","locations":[{"start":{"line":180,"column":2},"end":{"line":180,"column":null}},{"start":{},"end":{}}],"line":180},"32":{"loc":{"start":{"line":181,"column":10},"end":{"line":181,"column":20}},"type":"binary-expr","locations":[{"start":{"line":181,"column":10},"end":{"line":181,"column":18}},{"start":{"line":181,"column":18},"end":{"line":181,"column":20}}],"line":181},"33":{"loc":{"start":{"line":186,"column":2},"end":{"line":186,"column":null}},"type":"if","locations":[{"start":{"line":186,"column":2},"end":{"line":186,"column":null}},{"start":{},"end":{}}],"line":186},"34":{"loc":{"start":{"line":187,"column":10},"end":{"line":187,"column":20}},"type":"binary-expr","locations":[{"start":{"line":187,"column":10},"end":{"line":187,"column":18}},{"start":{"line":187,"column":18},"end":{"line":187,"column":20}}],"line":187},"35":{"loc":{"start":{"line":196,"column":2},"end":{"line":196,"column":null}},"type":"if","locations":[{"start":{"line":196,"column":2},"end":{"line":196,"column":null}},{"start":{},"end":{}}],"line":196},"36":{"loc":{"start":{"line":197,"column":2},"end":{"line":197,"column":null}},"type":"if","locations":[{"start":{"line":197,"column":2},"end":{"line":197,"column":null}},{"start":{},"end":{}}],"line":197},"37":{"loc":{"start":{"line":197,"column":6},"end":{"line":197,"column":25}},"type":"binary-expr","locations":[{"start":{"line":197,"column":6},"end":{"line":197,"column":15}},{"start":{"line":197,"column":15},"end":{"line":197,"column":25}}],"line":197},"38":{"loc":{"start":{"line":203,"column":2},"end":{"line":203,"column":null}},"type":"if","locations":[{"start":{"line":203,"column":2},"end":{"line":203,"column":null}},{"start":{},"end":{}}],"line":203},"39":{"loc":{"start":{"line":210,"column":2},"end":{"line":210,"column":null}},"type":"if","locations":[{"start":{"line":210,"column":2},"end":{"line":210,"column":null}},{"start":{},"end":{}}],"line":210},"40":{"loc":{"start":{"line":211,"column":10},"end":{"line":211,"column":20}},"type":"binary-expr","locations":[{"start":{"line":211,"column":10},"end":{"line":211,"column":18}},{"start":{"line":211,"column":18},"end":{"line":211,"column":20}}],"line":211},"41":{"loc":{"start":{"line":216,"column":2},"end":{"line":216,"column":null}},"type":"if","locations":[{"start":{"line":216,"column":2},"end":{"line":216,"column":null}},{"start":{},"end":{}}],"line":216},"42":{"loc":{"start":{"line":217,"column":2},"end":{"line":217,"column":null}},"type":"if","locations":[{"start":{"line":217,"column":2},"end":{"line":217,"column":null}},{"start":{},"end":{}}],"line":217},"43":{"loc":{"start":{"line":217,"column":6},"end":{"line":217,"column":34}},"type":"binary-expr","locations":[{"start":{"line":217,"column":6},"end":{"line":217,"column":15}},{"start":{"line":217,"column":15},"end":{"line":217,"column":34}}],"line":217},"44":{"loc":{"start":{"line":224,"column":2},"end":{"line":224,"column":null}},"type":"if","locations":[{"start":{"line":224,"column":2},"end":{"line":224,"column":null}},{"start":{},"end":{}}],"line":224},"45":{"loc":{"start":{"line":231,"column":2},"end":{"line":231,"column":null}},"type":"if","locations":[{"start":{"line":231,"column":2},"end":{"line":231,"column":null}},{"start":{},"end":{}}],"line":231},"46":{"loc":{"start":{"line":241,"column":2},"end":{"line":241,"column":null}},"type":"if","locations":[{"start":{"line":241,"column":2},"end":{"line":241,"column":null}},{"start":{},"end":{}}],"line":241},"47":{"loc":{"start":{"line":242,"column":10},"end":{"line":242,"column":20}},"type":"binary-expr","locations":[{"start":{"line":242,"column":10},"end":{"line":242,"column":18}},{"start":{"line":242,"column":18},"end":{"line":242,"column":20}}],"line":242},"48":{"loc":{"start":{"line":248,"column":2},"end":{"line":248,"column":null}},"type":"if","locations":[{"start":{"line":248,"column":2},"end":{"line":248,"column":null}},{"start":{},"end":{}}],"line":248},"49":{"loc":{"start":{"line":251,"column":2},"end":{"line":251,"column":null}},"type":"if","locations":[{"start":{"line":251,"column":2},"end":{"line":251,"column":null}},{"start":{},"end":{}}],"line":251},"50":{"loc":{"start":{"line":260,"column":2},"end":{"line":260,"column":null}},"type":"if","locations":[{"start":{"line":260,"column":2},"end":{"line":260,"column":null}},{"start":{},"end":{}}],"line":260},"51":{"loc":{"start":{"line":261,"column":10},"end":{"line":261,"column":20}},"type":"binary-expr","locations":[{"start":{"line":261,"column":10},"end":{"line":261,"column":18}},{"start":{"line":261,"column":18},"end":{"line":261,"column":20}}],"line":261},"52":{"loc":{"start":{"line":267,"column":2},"end":{"line":267,"column":null}},"type":"if","locations":[{"start":{"line":267,"column":2},"end":{"line":267,"column":null}},{"start":{},"end":{}}],"line":267},"53":{"loc":{"start":{"line":268,"column":2},"end":{"line":268,"column":null}},"type":"if","locations":[{"start":{"line":268,"column":2},"end":{"line":268,"column":null}},{"start":{},"end":{}}],"line":268},"54":{"loc":{"start":{"line":268,"column":6},"end":{"line":268,"column":25}},"type":"binary-expr","locations":[{"start":{"line":268,"column":6},"end":{"line":268,"column":15}},{"start":{"line":268,"column":15},"end":{"line":268,"column":25}}],"line":268},"55":{"loc":{"start":{"line":278,"column":14},"end":{"line":278,"column":null}},"type":"cond-expr","locations":[{"start":{"line":278,"column":33},"end":{"line":278,"column":67}},{"start":{"line":278,"column":70},"end":{"line":278,"column":null}}],"line":278},"56":{"loc":{"start":{"line":287,"column":2},"end":{"line":287,"column":null}},"type":"if","locations":[{"start":{"line":287,"column":2},"end":{"line":287,"column":null}},{"start":{},"end":{}}],"line":287},"57":{"loc":{"start":{"line":288,"column":2},"end":{"line":288,"column":null}},"type":"if","locations":[{"start":{"line":288,"column":2},"end":{"line":288,"column":null}},{"start":{},"end":{}}],"line":288},"58":{"loc":{"start":{"line":288,"column":6},"end":{"line":288,"column":25}},"type":"binary-expr","locations":[{"start":{"line":288,"column":6},"end":{"line":288,"column":15}},{"start":{"line":288,"column":15},"end":{"line":288,"column":25}}],"line":288},"59":{"loc":{"start":{"line":294,"column":2},"end":{"line":294,"column":null}},"type":"if","locations":[{"start":{"line":294,"column":2},"end":{"line":294,"column":null}},{"start":{},"end":{}}],"line":294},"60":{"loc":{"start":{"line":300,"column":2},"end":{"line":300,"column":null}},"type":"if","locations":[{"start":{"line":300,"column":2},"end":{"line":300,"column":null}},{"start":{},"end":{}}],"line":300},"61":{"loc":{"start":{"line":301,"column":10},"end":{"line":301,"column":20}},"type":"binary-expr","locations":[{"start":{"line":301,"column":10},"end":{"line":301,"column":18}},{"start":{"line":301,"column":18},"end":{"line":301,"column":20}}],"line":301}},"s":{"0":1,"1":1,"2":1,"3":1,"4":0,"5":0,"6":0,"7":1,"8":1,"9":1,"10":0,"11":1,"12":1,"13":1,"14":1,"15":1,"16":1,"17":1,"18":1,"19":1,"20":1,"21":1,"22":1,"23":1,"24":1,"25":4,"26":1,"27":0,"28":0,"29":1,"30":1,"31":1,"32":1,"33":1,"34":1,"35":1,"36":0,"37":0,"38":0,"39":0,"40":1,"41":0,"42":0,"43":0,"44":0,"45":0,"46":0,"47":0,"48":1,"49":0,"50":0,"51":0,"52":0,"53":0,"54":0,"55":0,"56":0,"57":0,"58":0,"59":1,"60":0,"61":0,"62":0,"63":0,"64":1,"65":0,"66":0,"67":0,"68":0,"69":0,"70":0,"71":0,"72":1,"73":0,"74":0,"75":0,"76":0,"77":0,"78":0,"79":0,"80":0,"81":0,"82":1,"83":0,"84":0,"85":0,"86":0,"87":0,"88":0,"89":0,"90":0,"91":0,"92":0,"93":0,"94":0,"95":0,"96":0,"97":0,"98":0,"99":0,"100":0,"101":1,"102":0,"103":0,"104":0,"105":0,"106":0,"107":0,"108":0,"109":0,"110":0,"111":0,"112":0,"113":0,"114":0,"115":0,"116":1,"117":0,"118":0,"119":0,"120":1,"121":0,"122":0,"123":0,"124":0,"125":0,"126":0,"127":0,"128":0,"129":0,"130":0,"131":0,"132":0,"133":0,"134":0,"135":0,"136":0,"137":0,"138":1,"139":0,"140":0,"141":0,"142":0},"f":{"0":1,"1":1,"2":0,"3":0,"4":1,"5":1,"6":1,"7":1,"8":1,"9":1,"10":1,"11":4,"12":1,"13":1,"14":0,"15":0,"16":0,"17":0,"18":0,"19":1,"20":0,"21":0,"22":1,"23":0,"24":0,"25":0,"26":0,"27":0,"28":0,"29":0,"30":0,"31":0,"32":0,"33":0,"34":0,"35":0},"b":{"0":[1,1],"1":[1,0],"2":[0,0],"3":[1,1],"4":[0,0],"5":[0,0],"6":[0,0],"7":[0,0],"8":[0,0],"9":[0,0],"10":[0,0],"11":[1,1],"12":[1,0],"13":[1,1,1],"14":[1,1],"15":[1,1],"16":[1,0],"17":[1,1,1],"18":[1,1],"19":[1,1],"20":[4,1],"21":[1,4],"22":[4,4],"23":[4,4],"24":[0,0],"25":[1,0],"26":[1,1],"27":[0,0],"28":[0,1],"29":[1,1],"30":[0,0],"31":[0,0],"32":[0,0],"33":[0,0],"34":[0,0],"35":[0,0],"36":[0,1],"37":[1,1],"38":[0,0],"39":[0,0],"40":[0,0],"41":[0,0],"42":[0,1],"43":[1,1],"44":[0,0],"45":[0,0],"46":[0,0],"47":[1,1],"48":[0,0],"49":[0,0],"50":[0,0],"51":[1,1],"52":[0,1],"53":[0,0],"54":[0,0],"55":[0,0],"56":[0,0],"57":[0,0],"58":[0,0],"59":[0,0],"60":[0,0],"61":[0,0]},"meta":{"lastBranch":62,"lastFunction":36,"lastStatement":143,"seen":{"s:54:6:54:Infinity":0,"f:54:6:54:24":0,"s:54:42:54:Infinity":1,"b:54:65:54:79:54:79:54:Infinity":0,"s:56:6:72:Infinity":2,"f:56:6:56:23":1,"s:56:50:72:Infinity":3,"b:62:9:62:22:62:22:62:Infinity":1,"b:63:12:63:28:63:28:63:Infinity":2,"b:64:8:64:20:64:20:64:Infinity":3,"b:65:8:65:20:65:20:65:Infinity":4,"b:66:10:66:24:66:24:66:Infinity":5,"b:67:11:67:26:67:26:67:Infinity":6,"b:68:9:68:22:68:22:68:Infinity":7,"b:69:12:69:29:69:29:69:Infinity":8,"b:70:12:70:28:70:28:70:Infinity":9,"b:71:10:71:24:71:24:71:Infinity":10,"s:74:13:81:Infinity":4,"f:74:13:74:33":2,"s:74:63:81:Infinity":5,"s:83:13:96:Infinity":6,"f:83:13:83:31":3,"s:84:39:90:Infinity":7,"b:88:17:88:53:88:56:88:Infinity":11,"b:92:2:93:Infinity:undefined:undefined:undefined:undefined":12,"s:92:2:93:Infinity":8,"b:92:6:92:30:92:30:92:49:92:49:92:79":13,"s:93:4:93:Infinity":9,"b:93:66:93:80:93:83:93:Infinity":14,"b:93:13:93:43:93:43:93:63":15,"s:96:2:96:Infinity":10,"s:99:13:105:Infinity":11,"f:99:13:99:34":4,"s:99:66:105:Infinity":12,"s:107:13:119:Infinity":13,"f:107:13:107:32":5,"s:108:39:113:Infinity":14,"b:115:2:116:Infinity:undefined:undefined:undefined:undefined":16,"s:115:2:116:Infinity":15,"b:115:6:115:30:115:30:115:49:115:49:115:79":17,"s:116:4:116:Infinity":16,"b:116:66:116:80:116:83:116:Infinity":18,"b:116:13:116:43:116:43:116:63":19,"s:119:2:119:Infinity":17,"s:122:13:128:Infinity":18,"f:122:13:122:33":6,"s:123:2:128:Infinity":19,"f:124:5:124:10":7,"s:124:16:124:24":20,"f:126:5:126:10":8,"s:126:16:126:31":21,"f:127:5:127:13":9,"s:128:6:128:72":22,"s:131:13:137:Infinity":23,"f:131:13:131:34":10,"s:131:72:137:Infinity":24,"b:133:10:133:24:133:24:133:26":20,"b:134:10:134:24:134:24:134:26":21,"b:135:11:135:26:135:26:135:Infinity":22,"b:136:16:136:37:136:37:136:Infinity":23,"s:139:13:151:Infinity":25,"f:139:13:139:32":11,"s:140:42:145:Infinity":26,"b:147:2:148:Infinity:undefined:undefined:undefined:undefined":24,"s:147:2:148:Infinity":27,"s:148:4:148:Infinity":28,"s:151:2:151:Infinity":29,"s:154:28:157:Infinity":30,"f:154:28:154:60":12,"s:155:26:155:81":31,"b:156:2:156:Infinity:undefined:undefined:undefined:undefined":25,"s:156:2:156:Infinity":32,"s:156:13:156:Infinity":33,"s:157:2:157:Infinity":34,"b:157:10:157:18:157:18:157:20":26,"f:157:22:157:27":13,"s:157:35:157:70":35,"s:160:29:168:Infinity":36,"f:160:29:160:36":14,"s:161:26:164:13":37,"b:166:2:166:Infinity:undefined:undefined:undefined:undefined":27,"s:166:2:166:Infinity":38,"s:166:13:166:Infinity":39,"b:167:2:167:Infinity:undefined:undefined:undefined:undefined":28,"s:167:2:167:Infinity":40,"b:167:6:167:15:167:15:167:25":29,"s:167:25:167:Infinity":41,"s:168:2:168:Infinity":42,"s:171:29:173:Infinity":43,"f:171:29:171:36":15,"s:172:20:172:73":44,"b:173:2:173:Infinity:undefined:undefined:undefined:undefined":30,"s:173:2:173:Infinity":45,"s:173:13:173:Infinity":46,"s:176:29:181:Infinity":47,"f:176:29:176:61":16,"s:177:2:177:Infinity":48,"s:179:26:179:107":49,"b:180:2:180:Infinity:undefined:undefined:undefined:undefined":31,"s:180:2:180:Infinity":50,"s:180:13:180:Infinity":51,"s:181:2:181:Infinity":52,"b:181:10:181:18:181:18:181:20":32,"f:181:22:181:27":17,"s:181:35:181:70":53,"s:184:30:187:Infinity":54,"f:184:30:184:63":18,"s:185:26:185:83":55,"b:186:2:186:Infinity:undefined:undefined:undefined:undefined":33,"s:186:2:186:Infinity":56,"s:186:13:186:Infinity":57,"s:187:2:187:Infinity":58,"b:187:10:187:18:187:18:187:20":34,"f:187:22:187:27":19,"s:187:35:187:72":59,"s:190:30:198:Infinity":60,"f:190:30:190:37":20,"s:191:26:194:13":61,"b:196:2:196:Infinity:undefined:undefined:undefined:undefined":35,"s:196:2:196:Infinity":62,"s:196:13:196:Infinity":63,"b:197:2:197:Infinity:undefined:undefined:undefined:undefined":36,"s:197:2:197:Infinity":64,"b:197:6:197:15:197:15:197:25":37,"s:197:25:197:Infinity":65,"s:198:2:198:Infinity":66,"s:201:30:203:Infinity":67,"f:201:30:201:37":21,"s:202:20:202:75":68,"b:203:2:203:Infinity:undefined:undefined:undefined:undefined":38,"s:203:2:203:Infinity":69,"s:203:13:203:Infinity":70,"s:206:31:211:Infinity":71,"f:206:31:206:64":22,"s:207:2:207:Infinity":72,"s:209:26:209:112":73,"b:210:2:210:Infinity:undefined:undefined:undefined:undefined":39,"s:210:2:210:Infinity":74,"s:210:13:210:Infinity":75,"s:211:2:211:Infinity":76,"b:211:10:211:18:211:18:211:20":40,"f:211:22:211:27":23,"s:211:35:211:72":77,"s:214:28:218:Infinity":78,"f:214:28:214:72":24,"s:215:26:215:111":79,"b:216:2:216:Infinity:undefined:undefined:undefined:undefined":41,"s:216:2:216:Infinity":80,"s:216:13:216:Infinity":81,"b:217:2:217:Infinity:undefined:undefined:undefined:undefined":42,"s:217:2:217:Infinity":82,"b:217:6:217:15:217:15:217:34":43,"s:217:34:217:Infinity":83,"s:218:2:218:Infinity":84,"s:221:28:225:Infinity":85,"f:221:28:221:35":25,"s:222:38:222:Infinity":86,"s:223:20:223:97":87,"b:224:2:224:Infinity:undefined:undefined:undefined:undefined":44,"s:224:2:224:Infinity":88,"s:224:13:224:Infinity":89,"s:225:2:225:Infinity":90,"s:228:29:232:Infinity":91,"f:228:29:228:73":26,"s:229:2:229:Infinity":92,"s:230:20:230:89":93,"b:231:2:231:Infinity:undefined:undefined:undefined:undefined":45,"s:231:2:231:Infinity":94,"s:231:13:231:Infinity":95,"s:232:2:232:Infinity":96,"s:235:25:242:Infinity":97,"f:235:25:235:57":27,"s:236:26:239:46":98,"b:241:2:241:Infinity:undefined:undefined:undefined:undefined":46,"s:241:2:241:Infinity":99,"s:241:13:241:Infinity":100,"s:242:2:242:Infinity":101,"b:242:10:242:18:242:18:242:20":47,"f:242:22:242:27":28,"s:242:35:242:64":102,"s:245:26:251:Infinity":103,"f:245:26:245:53":29,"s:246:16:246:33":104,"s:247:14:247:42":105,"f:247:20:247:25":30,"s:247:34:247:42":106,"b:248:2:248:Infinity:undefined:undefined:undefined:undefined":48,"s:248:2:248:Infinity":107,"s:248:19:248:Infinity":108,"s:250:20:250:71":109,"b:251:2:251:Infinity:undefined:undefined:undefined:undefined":49,"s:251:2:251:Infinity":110,"s:251:13:251:Infinity":111,"s:254:25:261:Infinity":112,"f:254:25:254:58":31,"s:255:26:258:46":113,"b:260:2:260:Infinity:undefined:undefined:undefined:undefined":50,"s:260:2:260:Infinity":114,"s:260:13:260:Infinity":115,"s:261:2:261:Infinity":116,"b:261:10:261:18:261:18:261:20":51,"s:264:23:269:Infinity":117,"f:264:23:264:30":32,"s:265:25:265:Infinity":118,"s:266:26:266:76":119,"b:267:2:267:Infinity:undefined:undefined:undefined:undefined":52,"s:267:2:267:Infinity":120,"s:267:13:267:Infinity":121,"b:268:2:268:Infinity:undefined:undefined:undefined:undefined":53,"s:268:2:268:Infinity":122,"b:268:6:268:15:268:15:268:25":54,"s:268:25:268:Infinity":123,"s:269:2:269:Infinity":124,"s:272:26:289:Infinity":125,"f:272:26:272:Infinity":33,"s:276:18:279:Infinity":126,"b:278:33:278:67:278:70:278:Infinity":55,"s:281:26:285:13":127,"b:287:2:287:Infinity:undefined:undefined:undefined:undefined":56,"s:287:2:287:Infinity":128,"s:287:13:287:Infinity":129,"b:288:2:288:Infinity:undefined:undefined:undefined:undefined":57,"s:288:2:288:Infinity":130,"b:288:6:288:15:288:15:288:25":58,"s:288:25:288:Infinity":131,"s:289:2:289:Infinity":132,"s:292:26:294:Infinity":133,"f:292:26:292:33":34,"s:293:20:293:74":134,"b:294:2:294:Infinity:undefined:undefined:undefined:undefined":59,"s:294:2:294:Infinity":135,"s:294:13:294:Infinity":136,"s:297:26:301:Infinity":137,"f:297:26:297:59":35,"s:298:2:298:Infinity":138,"s:299:26:299:81":139,"b:300:2:300:Infinity:undefined:undefined:undefined:undefined":60,"s:300:2:300:Infinity":140,"s:300:13:300:Infinity":141,"s:301:2:301:Infinity":142,"b:301:10:301:18:301:18:301:20":61}}}
,"c:\\FS-GPT\\future-screen\\src\\utils\\normalizeList.ts": {"path":"c:\\FS-GPT\\future-screen\\src\\utils\\normalizeList.ts","statementMap":{"0":{"start":{"line":1,"column":13},"end":{"line":4,"column":20}},"1":{"start":{"line":1,"column":30},"end":{"line":4,"column":20}},"2":{"start":{"line":3,"column":16},"end":{"line":3,"column":24}}},"fnMap":{"0":{"name":"(anonymous_0)","decl":{"start":{"line":1,"column":13},"end":{"line":1,"column":30}},"loc":{"start":{"line":1,"column":30},"end":{"line":4,"column":20}},"line":1},"1":{"name":"(anonymous_1)","decl":{"start":{"line":3,"column":5},"end":{"line":3,"column":10}},"loc":{"start":{"line":3,"column":16},"end":{"line":3,"column":24}},"line":3}},"branchMap":{"0":{"loc":{"start":{"line":2,"column":3},"end":{"line":2,"column":54}},"type":"cond-expr","locations":[{"start":{"line":2,"column":26},"end":{"line":2,"column":34}},{"start":{"line":2,"column":34},"end":{"line":2,"column":54}}],"line":2}},"s":{"0":1,"1":1,"2":1},"f":{"0":1,"1":1},"b":{"0":[1,1]},"meta":{"lastBranch":1,"lastFunction":2,"lastStatement":3,"seen":{"s:1:13:4:20":0,"f:1:13:1:30":0,"s:1:30:4:20":1,"b:2:26:2:34:2:34:2:54":0,"f:3:5:3:10":1,"s:3:16:3:24":2}}}
,"c:\\FS-GPT\\future-screen\\src\\utils\\screenMath.ts": {"path":"c:\\FS-GPT\\future-screen\\src\\utils\\screenMath.ts","statementMap":{"0":{"start":{"line":15,"column":2},"end":{"line":15,"column":null}},"1":{"start":{"line":19,"column":18},"end":{"line":19,"column":null}},"2":{"start":{"line":20,"column":14},"end":{"line":20,"column":null}},"3":{"start":{"line":21,"column":2},"end":{"line":21,"column":null}},"4":{"start":{"line":25,"column":16},"end":{"line":25,"column":null}},"5":{"start":{"line":26,"column":12},"end":{"line":26,"column":null}},"6":{"start":{"line":27,"column":2},"end":{"line":28,"column":null}},"7":{"start":{"line":28,"column":4},"end":{"line":28,"column":null}},"8":{"start":{"line":30,"column":2},"end":{"line":30,"column":null}},"9":{"start":{"line":35,"column":18},"end":{"line":35,"column":79}},"10":{"start":{"line":35,"column":40},"end":{"line":35,"column":79}},"11":{"start":{"line":36,"column":15},"end":{"line":36,"column":null}},"12":{"start":{"line":38,"column":19},"end":{"line":39,"column":null}},"13":{"start":{"line":39,"column":11},"end":{"line":39,"column":null}},"14":{"start":{"line":42,"column":2},"end":{"line":43,"column":null}},"15":{"start":{"line":43,"column":4},"end":{"line":43,"column":null}},"16":{"start":{"line":46,"column":17},"end":{"line":46,"column":null}},"17":{"start":{"line":49,"column":2},"end":{"line":51,"column":null}},"18":{"start":{"line":50,"column":16},"end":{"line":50,"column":38}},"19":{"start":{"line":51,"column":4},"end":{"line":51,"column":null}},"20":{"start":{"line":51,"column":17},"end":{"line":51,"column":null}},"21":{"start":{"line":55,"column":2},"end":{"line":57,"column":null}},"22":{"start":{"line":56,"column":16},"end":{"line":56,"column":38}},"23":{"start":{"line":57,"column":4},"end":{"line":57,"column":null}},"24":{"start":{"line":57,"column":31},"end":{"line":57,"column":null}},"25":{"start":{"line":61,"column":2},"end":{"line":62,"column":null}},"26":{"start":{"line":62,"column":4},"end":{"line":62,"column":null}},"27":{"start":{"line":62,"column":32},"end":{"line":62,"column":47}},"28":{"start":{"line":65,"column":2},"end":{"line":65,"column":null}},"29":{"start":{"line":69,"column":2},"end":{"line":70,"column":null}},"30":{"start":{"line":70,"column":4},"end":{"line":70,"column":null}},"31":{"start":{"line":72,"column":2},"end":{"line":72,"column":null}},"32":{"start":{"line":72,"column":33},"end":{"line":72,"column":null}},"33":{"start":{"line":73,"column":2},"end":{"line":73,"column":null}},"34":{"start":{"line":73,"column":31},"end":{"line":73,"column":null}},"35":{"start":{"line":74,"column":2},"end":{"line":74,"column":null}},"36":{"start":{"line":78,"column":8},"end":{"line":78,"column":54}},"37":{"start":{"line":79,"column":8},"end":{"line":79,"column":54}},"38":{"start":{"line":80,"column":8},"end":{"line":80,"column":56}},"39":{"start":{"line":81,"column":2},"end":{"line":84,"column":null}},"40":{"start":{"line":88,"column":29},"end":{"line":88,"column":31}},"41":{"start":{"line":89,"column":33},"end":{"line":89,"column":35}},"42":{"start":{"line":92,"column":17},"end":{"line":92,"column":null}},"43":{"start":{"line":93,"column":2},"end":{"line":95,"column":null}},"44":{"start":{"line":94,"column":4},"end":{"line":94,"column":null}},"45":{"start":{"line":95,"column":4},"end":{"line":95,"column":null}},"46":{"start":{"line":97,"column":2},"end":{"line":97,"column":null}},"47":{"start":{"line":100,"column":15},"end":{"line":100,"column":56}},"48":{"start":{"line":101,"column":2},"end":{"line":103,"column":null}},"49":{"start":{"line":102,"column":4},"end":{"line":102,"column":null}},"50":{"start":{"line":103,"column":4},"end":{"line":103,"column":null}},"51":{"start":{"line":105,"column":2},"end":{"line":105,"column":null}},"52":{"start":{"line":106,"column":2},"end":{"line":106,"column":null}},"53":{"start":{"line":109,"column":14},"end":{"line":109,"column":73}},"54":{"start":{"line":110,"column":2},"end":{"line":111,"column":null}},"55":{"start":{"line":111,"column":4},"end":{"line":111,"column":null}},"56":{"start":{"line":113,"column":2},"end":{"line":113,"column":null}},"57":{"start":{"line":116,"column":13},"end":{"line":116,"column":null}},"58":{"start":{"line":119,"column":16},"end":{"line":119,"column":106}},"59":{"start":{"line":122,"column":16},"end":{"line":122,"column":null}},"60":{"start":{"line":123,"column":2},"end":{"line":131,"column":null}},"61":{"start":{"line":124,"column":18},"end":{"line":124,"column":null}},"62":{"start":{"line":125,"column":20},"end":{"line":125,"column":null}},"63":{"start":{"line":126,"column":22},"end":{"line":126,"column":null}},"64":{"start":{"line":127,"column":21},"end":{"line":127,"column":null}},"65":{"start":{"line":128,"column":4},"end":{"line":128,"column":null}},"66":{"start":{"line":129,"column":4},"end":{"line":129,"column":null}},"67":{"start":{"line":130,"column":4},"end":{"line":130,"column":null}},"68":{"start":{"line":131,"column":4},"end":{"line":131,"column":null}},"69":{"start":{"line":134,"column":2},"end":{"line":135,"column":null}},"70":{"start":{"line":135,"column":4},"end":{"line":135,"column":null}},"71":{"start":{"line":137,"column":2},"end":{"line":138,"column":null}},"72":{"start":{"line":138,"column":4},"end":{"line":138,"column":null}},"73":{"start":{"line":141,"column":2},"end":{"line":141,"column":null}},"74":{"start":{"line":142,"column":2},"end":{"line":143,"column":null}},"75":{"start":{"line":143,"column":4},"end":{"line":143,"column":null}},"76":{"start":{"line":147,"column":32},"end":{"line":147,"column":85}},"77":{"start":{"line":150,"column":16},"end":{"line":150,"column":35}},"78":{"start":{"line":152,"column":2},"end":{"line":163,"column":null}}},"fnMap":{"0":{"name":"estimateDistance","decl":{"start":{"line":14,"column":16},"end":{"line":14,"column":33}},"loc":{"start":{"line":14,"column":59},"end":{"line":15,"column":null}},"line":14},"1":{"name":"recommendHeight","decl":{"start":{"line":18,"column":16},"end":{"line":18,"column":32}},"loc":{"start":{"line":18,"column":76},"end":{"line":21,"column":null}},"line":18},"2":{"name":"recommendWidth","decl":{"start":{"line":24,"column":16},"end":{"line":24,"column":31}},"loc":{"start":{"line":24,"column":104},"end":{"line":30,"column":null}},"line":24},"3":{"name":"selectPitch","decl":{"start":{"line":33,"column":16},"end":{"line":33,"column":28}},"loc":{"start":{"line":33,"column":123},"end":{"line":65,"column":null}},"line":33},"4":{"name":"(anonymous_4)","decl":{"start":{"line":35,"column":26},"end":{"line":35,"column":34}},"loc":{"start":{"line":35,"column":40},"end":{"line":35,"column":79}},"line":35},"5":{"name":"(anonymous_5)","decl":{"start":{"line":38,"column":24},"end":{"line":38,"column":null}},"loc":{"start":{"line":39,"column":11},"end":{"line":39,"column":null}},"line":39},"6":{"name":"(anonymous_6)","decl":{"start":{"line":62,"column":20},"end":{"line":62,"column":26}},"loc":{"start":{"line":62,"column":32},"end":{"line":62,"column":47}},"line":62},"7":{"name":"recommendInstall","decl":{"start":{"line":68,"column":16},"end":{"line":68,"column":33}},"loc":{"start":{"line":68,"column":101},"end":{"line":74,"column":null}},"line":68},"8":{"name":"estimatePower","decl":{"start":{"line":77,"column":16},"end":{"line":77,"column":30}},"loc":{"start":{"line":77,"column":44},"end":{"line":84,"column":null}},"line":77},"9":{"name":"calculate","decl":{"start":{"line":87,"column":16},"end":{"line":87,"column":26}},"loc":{"start":{"line":87,"column":94},"end":{"line":163,"column":null}},"line":87}},"branchMap":{"0":{"loc":{"start":{"line":27,"column":2},"end":{"line":28,"column":null}},"type":"if","locations":[{"start":{"line":27,"column":2},"end":{"line":28,"column":null}},{"start":{},"end":{}}],"line":27},"1":{"loc":{"start":{"line":27,"column":6},"end":{"line":27,"column":38}},"type":"binary-expr","locations":[{"start":{"line":27,"column":6},"end":{"line":27,"column":20}},{"start":{"line":27,"column":20},"end":{"line":27,"column":38}}],"line":27},"2":{"loc":{"start":{"line":33,"column":84},"end":{"line":33,"column":123}},"type":"default-arg","locations":[{"start":{"line":33,"column":109},"end":{"line":33,"column":123}}],"line":33},"3":{"loc":{"start":{"line":35,"column":40},"end":{"line":35,"column":79}},"type":"binary-expr","locations":[{"start":{"line":35,"column":40},"end":{"line":35,"column":63}},{"start":{"line":35,"column":63},"end":{"line":35,"column":79}}],"line":35},"4":{"loc":{"start":{"line":36,"column":15},"end":{"line":36,"column":null}},"type":"cond-expr","locations":[{"start":{"line":36,"column":36},"end":{"line":36,"column":46}},{"start":{"line":36,"column":46},"end":{"line":36,"column":null}}],"line":36},"5":{"loc":{"start":{"line":39,"column":11},"end":{"line":39,"column":null}},"type":"binary-expr","locations":[{"start":{"line":39,"column":11},"end":{"line":39,"column":40}},{"start":{"line":39,"column":40},"end":{"line":39,"column":null}}],"line":39},"6":{"loc":{"start":{"line":42,"column":2},"end":{"line":43,"column":null}},"type":"if","locations":[{"start":{"line":42,"column":2},"end":{"line":43,"column":null}},{"start":{},"end":{}}],"line":42},"7":{"loc":{"start":{"line":49,"column":2},"end":{"line":51,"column":null}},"type":"if","locations":[{"start":{"line":49,"column":2},"end":{"line":51,"column":null}},{"start":{},"end":{}}],"line":49},"8":{"loc":{"start":{"line":51,"column":4},"end":{"line":51,"column":null}},"type":"if","locations":[{"start":{"line":51,"column":4},"end":{"line":51,"column":null}},{"start":{},"end":{}}],"line":51},"9":{"loc":{"start":{"line":55,"column":2},"end":{"line":57,"column":null}},"type":"if","locations":[{"start":{"line":55,"column":2},"end":{"line":57,"column":null}},{"start":{},"end":{}}],"line":55},"10":{"loc":{"start":{"line":57,"column":4},"end":{"line":57,"column":null}},"type":"if","locations":[{"start":{"line":57,"column":4},"end":{"line":57,"column":null}},{"start":{},"end":{}}],"line":57},"11":{"loc":{"start":{"line":61,"column":2},"end":{"line":62,"column":null}},"type":"if","locations":[{"start":{"line":61,"column":2},"end":{"line":62,"column":null}},{"start":{},"end":{}}],"line":61},"12":{"loc":{"start":{"line":61,"column":6},"end":{"line":61,"column":54}},"type":"binary-expr","locations":[{"start":{"line":61,"column":6},"end":{"line":61,"column":32}},{"start":{"line":61,"column":32},"end":{"line":61,"column":54}}],"line":61},"13":{"loc":{"start":{"line":62,"column":15},"end":{"line":62,"column":null}},"type":"binary-expr","locations":[{"start":{"line":62,"column":15},"end":{"line":62,"column":47}},{"start":{"line":62,"column":51},"end":{"line":62,"column":null}}],"line":62},"14":{"loc":{"start":{"line":69,"column":2},"end":{"line":70,"column":null}},"type":"if","locations":[{"start":{"line":69,"column":2},"end":{"line":70,"column":null}},{"start":{},"end":{}}],"line":69},"15":{"loc":{"start":{"line":72,"column":2},"end":{"line":72,"column":null}},"type":"if","locations":[{"start":{"line":72,"column":2},"end":{"line":72,"column":null}},{"start":{},"end":{}}],"line":72},"16":{"loc":{"start":{"line":73,"column":2},"end":{"line":73,"column":null}},"type":"if","locations":[{"start":{"line":73,"column":2},"end":{"line":73,"column":null}},{"start":{},"end":{}}],"line":73},"17":{"loc":{"start":{"line":93,"column":2},"end":{"line":95,"column":null}},"type":"if","locations":[{"start":{"line":93,"column":2},"end":{"line":95,"column":null}},{"start":{},"end":{}}],"line":93},"18":{"loc":{"start":{"line":93,"column":6},"end":{"line":93,"column":42}},"type":"binary-expr","locations":[{"start":{"line":93,"column":6},"end":{"line":93,"column":31}},{"start":{"line":93,"column":31},"end":{"line":93,"column":42}}],"line":93},"19":{"loc":{"start":{"line":101,"column":2},"end":{"line":103,"column":null}},"type":"if","locations":[{"start":{"line":101,"column":2},"end":{"line":103,"column":null}},{"start":{},"end":{}}],"line":101},"20":{"loc":{"start":{"line":101,"column":6},"end":{"line":101,"column":53}},"type":"binary-expr","locations":[{"start":{"line":101,"column":6},"end":{"line":101,"column":26}},{"start":{"line":101,"column":26},"end":{"line":101,"column":53}}],"line":101},"21":{"loc":{"start":{"line":110,"column":2},"end":{"line":111,"column":null}},"type":"if","locations":[{"start":{"line":110,"column":2},"end":{"line":111,"column":null}},{"start":{},"end":{}}],"line":110},"22":{"loc":{"start":{"line":110,"column":6},"end":{"line":110,"column":81}},"type":"binary-expr","locations":[{"start":{"line":110,"column":6},"end":{"line":110,"column":27}},{"start":{"line":110,"column":27},"end":{"line":110,"column":81}}],"line":110},"23":{"loc":{"start":{"line":119,"column":71},"end":{"line":119,"column":106}},"type":"binary-expr","locations":[{"start":{"line":119,"column":71},"end":{"line":119,"column":93}},{"start":{"line":119,"column":93},"end":{"line":119,"column":106}}],"line":119},"24":{"loc":{"start":{"line":123,"column":2},"end":{"line":131,"column":null}},"type":"if","locations":[{"start":{"line":123,"column":2},"end":{"line":131,"column":null}},{"start":{},"end":{}}],"line":123},"25":{"loc":{"start":{"line":123,"column":6},"end":{"line":123,"column":50}},"type":"binary-expr","locations":[{"start":{"line":123,"column":6},"end":{"line":123,"column":23}},{"start":{"line":123,"column":23},"end":{"line":123,"column":36}},{"start":{"line":123,"column":36},"end":{"line":123,"column":50}}],"line":123},"26":{"loc":{"start":{"line":134,"column":2},"end":{"line":135,"column":null}},"type":"if","locations":[{"start":{"line":134,"column":2},"end":{"line":135,"column":null}},{"start":{},"end":{}}],"line":134},"27":{"loc":{"start":{"line":137,"column":2},"end":{"line":138,"column":null}},"type":"if","locations":[{"start":{"line":137,"column":2},"end":{"line":138,"column":null}},{"start":{},"end":{}}],"line":137},"28":{"loc":{"start":{"line":137,"column":6},"end":{"line":137,"column":53}},"type":"binary-expr","locations":[{"start":{"line":137,"column":6},"end":{"line":137,"column":39}},{"start":{"line":137,"column":39},"end":{"line":137,"column":53}}],"line":137},"29":{"loc":{"start":{"line":142,"column":2},"end":{"line":143,"column":null}},"type":"if","locations":[{"start":{"line":142,"column":2},"end":{"line":143,"column":null}},{"start":{},"end":{}}],"line":142},"30":{"loc":{"start":{"line":142,"column":6},"end":{"line":142,"column":34}},"type":"binary-expr","locations":[{"start":{"line":142,"column":6},"end":{"line":142,"column":23}},{"start":{"line":142,"column":23},"end":{"line":142,"column":34}}],"line":142}},"s":{"0":1,"1":1,"2":1,"3":8,"4":10,"5":10,"6":10,"7":10,"8":10,"9":10,"10":10,"11":13,"12":13,"13":13,"14":13,"15":65,"16":13,"17":65,"18":13,"19":0,"20":0,"21":13,"22":13,"23":1,"24":1,"25":13,"26":13,"27":13,"28":1,"29":13,"30":13,"31":2,"32":4,"33":2,"34":9,"35":9,"36":7,"37":1,"38":5,"39":8,"40":8,"41":8,"42":8,"43":8,"44":8,"45":6,"46":6,"47":2,"48":4,"49":4,"50":6,"51":6,"52":1,"53":6,"54":6,"55":6,"56":6,"57":6,"58":1,"59":6,"60":6,"61":6,"62":6,"63":6,"64":6,"65":6,"66":0,"67":0,"68":0,"69":0,"70":0,"71":0,"72":0,"73":1,"74":1,"75":1,"76":6,"77":6,"78":6},"f":{"0":6,"1":1,"2":8,"3":10,"4":10,"5":13,"6":13,"7":1,"8":2,"9":8},"b":{"0":[10,0],"1":[10,10],"2":[10],"3":[10,13],"4":[13,13],"5":[13,13],"6":[65,-52],"7":[41,24],"8":[0,0],"9":[13,0],"10":[1,0],"11":[13,0],"12":[13,13],"13":[13,1],"14":[13,0],"15":[4,-2],"16":[9,-7],"17":[8,0],"18":[8,8],"19":[4,0],"20":[4,4],"21":[6,0],"22":[6,6],"23":[1,1],"24":[6,0],"25":[6,6,6],"26":[0,0],"27":[0,0],"28":[0,0],"29":[1,0],"30":[1,1]},"meta":{"lastBranch":31,"lastFunction":10,"lastStatement":79,"seen":{"f:14:16:14:33":0,"s:15:2:15:Infinity":0,"f:18:16:18:32":1,"s:19:18:19:Infinity":1,"s:20:14:20:Infinity":2,"s:21:2:21:Infinity":3,"f:24:16:24:31":2,"s:25:16:25:Infinity":4,"s:26:12:26:Infinity":5,"b:27:2:28:Infinity:undefined:undefined:undefined:undefined":0,"s:27:2:28:Infinity":6,"b:27:6:27:20:27:20:27:38":1,"s:28:4:28:Infinity":7,"s:30:2:30:Infinity":8,"f:33:16:33:28":3,"b:33:109:33:123":2,"s:35:18:35:79":9,"f:35:26:35:34":4,"s:35:40:35:79":10,"b:35:40:35:63:35:63:35:79":3,"s:36:15:36:Infinity":11,"b:36:36:36:46:36:46:36:Infinity":4,"s:38:19:39:Infinity":12,"f:38:24:38:Infinity":5,"s:39:11:39:Infinity":13,"b:39:11:39:40:39:40:39:Infinity":5,"b:42:2:43:Infinity:undefined:undefined:undefined:undefined":6,"s:42:2:43:Infinity":14,"s:43:4:43:Infinity":15,"s:46:17:46:Infinity":16,"b:49:2:51:Infinity:undefined:undefined:undefined:undefined":7,"s:49:2:51:Infinity":17,"s:50:16:50:38":18,"b:51:4:51:Infinity:undefined:undefined:undefined:undefined":8,"s:51:4:51:Infinity":19,"s:51:17:51:Infinity":20,"b:55:2:57:Infinity:undefined:undefined:undefined:undefined":9,"s:55:2:57:Infinity":21,"s:56:16:56:38":22,"b:57:4:57:Infinity:undefined:undefined:undefined:undefined":10,"s:57:4:57:Infinity":23,"s:57:31:57:Infinity":24,"b:61:2:62:Infinity:undefined:undefined:undefined:undefined":11,"s:61:2:62:Infinity":25,"b:61:6:61:32:61:32:61:54":12,"s:62:4:62:Infinity":26,"b:62:15:62:47:62:51:62:Infinity":13,"f:62:20:62:26":6,"s:62:32:62:47":27,"s:65:2:65:Infinity":28,"f:68:16:68:33":7,"b:69:2:70:Infinity:undefined:undefined:undefined:undefined":14,"s:69:2:70:Infinity":29,"s:70:4:70:Infinity":30,"b:72:2:72:Infinity:undefined:undefined:undefined:undefined":15,"s:72:2:72:Infinity":31,"s:72:33:72:Infinity":32,"b:73:2:73:Infinity:undefined:undefined:undefined:undefined":16,"s:73:2:73:Infinity":33,"s:73:31:73:Infinity":34,"s:74:2:74:Infinity":35,"f:77:16:77:30":8,"s:78:8:78:54":36,"s:79:8:79:54":37,"s:80:8:80:56":38,"s:81:2:84:Infinity":39,"f:87:16:87:26":9,"s:88:29:88:31":40,"s:89:33:89:35":41,"s:92:17:92:Infinity":42,"b:93:2:95:Infinity:undefined:undefined:undefined:undefined":17,"s:93:2:95:Infinity":43,"b:93:6:93:31:93:31:93:42":18,"s:94:4:94:Infinity":44,"s:95:4:95:Infinity":45,"s:97:2:97:Infinity":46,"s:100:15:100:56":47,"b:101:2:103:Infinity:undefined:undefined:undefined:undefined":19,"s:101:2:103:Infinity":48,"b:101:6:101:26:101:26:101:53":20,"s:102:4:102:Infinity":49,"s:103:4:103:Infinity":50,"s:105:2:105:Infinity":51,"s:106:2:106:Infinity":52,"s:109:14:109:73":53,"b:110:2:111:Infinity:undefined:undefined:undefined:undefined":21,"s:110:2:111:Infinity":54,"b:110:6:110:27:110:27:110:81":22,"s:111:4:111:Infinity":55,"s:113:2:113:Infinity":56,"s:116:13:116:Infinity":57,"s:119:16:119:106":58,"b:119:71:119:93:119:93:119:106":23,"s:122:16:122:Infinity":59,"b:123:2:131:Infinity:undefined:undefined:undefined:undefined":24,"s:123:2:131:Infinity":60,"b:123:6:123:23:123:23:123:36:123:36:123:50":25,"s:124:18:124:Infinity":61,"s:125:20:125:Infinity":62,"s:126:22:126:Infinity":63,"s:127:21:127:Infinity":64,"s:128:4:128:Infinity":65,"s:129:4:129:Infinity":66,"s:130:4:130:Infinity":67,"s:131:4:131:Infinity":68,"b:134:2:135:Infinity:undefined:undefined:undefined:undefined":26,"s:134:2:135:Infinity":69,"s:135:4:135:Infinity":70,"b:137:2:138:Infinity:undefined:undefined:undefined:undefined":27,"s:137:2:138:Infinity":71,"b:137:6:137:39:137:39:137:53":28,"s:138:4:138:Infinity":72,"s:141:2:141:Infinity":73,"b:142:2:143:Infinity:undefined:undefined:undefined:undefined":29,"s:142:2:143:Infinity":74,"b:142:6:142:23:142:23:142:34":30,"s:143:4:143:Infinity":75,"s:147:32:147:85":76,"s:150:16:150:35":77,"s:152:2:163:Infinity":78}}}
}
